{
  "Cucumber Features": {
    "coverage": {
    },
    "timestamp": 1430521551
  },
  "RSpec": {
    "coverage": {
      "/home/angeles/katas-eis/batalla_naval/app/app.rb": [
        1,
        1,
        1,
        1,
        1,
        1,
        null,
        1,
        null,
        1,
        null,
        1,
        0,
        null,
        null,
        null,
        null,
        null,
        null,
        null,
        null,
        null,
        null,
        null,
        null,
        null,
        null,
        null,
        null,
        null,
        null,
        null,
        null,
        null,
        null,
        null,
        null,
        null,
        null,
        null,
        null,
        null,
        null,
        null,
        null,
        null,
        null,
        null,
        null,
        null,
        null,
        null,
        null,
        null,
        null,
        null,
        null,
        null,
        null,
        null,
        null,
        null,
        null,
        null,
        null,
        null,
        null,
        null,
        null
      ],
      "/home/angeles/katas-eis/batalla_naval/app/models/Board.rb": [
        1,
        1,
        1,
        2,
        null,
        null,
        null
      ]
    },
    "timestamp": 1430521548
  }
}
