{
  "Cucumber Features": {
    "coverage": {
    },
    "timestamp": 1430510106
  },
  "RSpec": {
    "coverage": {
      "/home/angeles/Downloads/padrino_base_vacia/app/app.rb": [
        1,
        1,
        1,
        1,
        1,
        1,
        null,
        1,
        null,
        1,
        null,
        1,
        0,
        null,
        null,
        null,
        null,
        null,
        null,
        null,
        null,
        null,
        null,
        null,
        null,
        null,
        null,
        null,
        null,
        null,
        null,
        null,
        null,
        null,
        null,
        null,
        null,
        null,
        null,
        null,
        null,
        null,
        null,
        null,
        null,
        null,
        null,
        null,
        null,
        null,
        null,
        null,
        null,
        null,
        null,
        null,
        null,
        null,
        null,
        null,
        null,
        null,
        null,
        null,
        null,
        null,
        null,
        null,
        null
      ],
      "/home/angeles/Downloads/padrino_base_vacia/app/models/objeto_loco.rb": [
        1,
        null,
        1,
        0,
        null,
        null,
        null
      ]
    },
    "timestamp": 1430509120
  }
}
